2018-04-27 07:18:10,631 - memory_profile3_log - INFO - Generating date range with N: 3
2018-04-27 07:18:10,640 - memory_profile3_log - INFO - date_generated: 
2018-04-27 07:18:10,641 - memory_profile3_log - INFO -  
2018-04-27 07:18:10,641 - memory_profile3_log - INFO - [datetime.datetime(2018, 4, 12, 0, 0), datetime.datetime(2018, 4, 13, 0, 0), datetime.datetime(2018, 4, 14, 0, 0)]
2018-04-27 07:18:10,641 - memory_profile3_log - INFO - 

2018-04-27 07:18:10,642 - memory_profile3_log - INFO - using current date: 2018-04-15
2018-04-27 07:18:10,644 - memory_profile3_log - INFO - using start date: 2018-04-12 00:00:00
2018-04-27 07:18:10,644 - memory_profile3_log - INFO - using end date: 2018-04-14
2018-04-27 07:18:10,767 - memory_profile3_log - INFO - Starting data fetch iterative...
2018-04-27 07:18:10,769 - memory_profile3_log - INFO - Collecting training data for date: 2018-04-12
2018-04-27 07:23:53,051 - memory_profile3_log - INFO - Filename: .\legacy_bigquery.py


2018-04-27 07:23:53,052 - memory_profile3_log - INFO - Line #    Mem usage    Increment   Line Contents

2018-04-27 07:23:53,055 - memory_profile3_log - INFO - ================================================

2018-04-27 07:23:53,056 - memory_profile3_log - INFO -     54     87.0 MiB     87.0 MiB   @profile

2018-04-27 07:23:53,059 - memory_profile3_log - INFO -     55                             def load_bigquery(client, query, job_config):

2018-04-27 07:23:53,061 - memory_profile3_log - INFO -     56                                 """

2018-04-27 07:23:53,066 - memory_profile3_log - INFO -     57                                     Bigquery to dataframe

2018-04-27 07:23:53,069 - memory_profile3_log - INFO -     58                                 """

2018-04-27 07:23:53,071 - memory_profile3_log - INFO -     59     87.0 MiB      0.0 MiB       job_config.use_legacy_sql = False

2018-04-27 07:23:53,073 - memory_profile3_log - INFO -     60     87.0 MiB      0.0 MiB       job_config.allowLargeResults = True

2018-04-27 07:23:53,078 - memory_profile3_log - INFO -     61                             

2018-04-27 07:23:53,079 - memory_profile3_log - INFO -     62    393.7 MiB    306.7 MiB       df = client.query(query, job_config=job_config).result().to_dataframe()

2018-04-27 07:23:53,082 - memory_profile3_log - INFO -     63    393.7 MiB      0.0 MiB       del client

2018-04-27 07:23:53,088 - memory_profile3_log - INFO -     64    393.7 MiB      0.0 MiB       return df

2018-04-27 07:23:53,089 - memory_profile3_log - INFO - 


2018-04-27 07:23:53,092 - memory_profile3_log - INFO - getting total: 462579 training data(genuine interest) for date: 2018-04-12
2018-04-27 07:23:53,095 - memory_profile3_log - INFO - Collecting training data for date: 2018-04-13
2018-04-27 07:28:31,203 - memory_profile3_log - INFO - Filename: .\legacy_bigquery.py


2018-04-27 07:28:31,203 - memory_profile3_log - INFO - Line #    Mem usage    Increment   Line Contents

2018-04-27 07:28:31,206 - memory_profile3_log - INFO - ================================================

2018-04-27 07:28:31,207 - memory_profile3_log - INFO -     54    393.7 MiB    393.7 MiB   @profile

2018-04-27 07:28:31,207 - memory_profile3_log - INFO -     55                             def load_bigquery(client, query, job_config):

2018-04-27 07:28:31,209 - memory_profile3_log - INFO -     56                                 """

2018-04-27 07:28:31,210 - memory_profile3_log - INFO -     57                                     Bigquery to dataframe

2018-04-27 07:28:31,210 - memory_profile3_log - INFO -     58                                 """

2018-04-27 07:28:31,210 - memory_profile3_log - INFO -     59    393.7 MiB      0.0 MiB       job_config.use_legacy_sql = False

2018-04-27 07:28:31,211 - memory_profile3_log - INFO -     60    393.7 MiB      0.0 MiB       job_config.allowLargeResults = True

2018-04-27 07:28:31,214 - memory_profile3_log - INFO -     61                             

2018-04-27 07:28:31,216 - memory_profile3_log - INFO -     62    491.8 MiB     98.1 MiB       df = client.query(query, job_config=job_config).result().to_dataframe()

2018-04-27 07:28:31,219 - memory_profile3_log - INFO -     63    491.8 MiB      0.0 MiB       del client

2018-04-27 07:28:31,220 - memory_profile3_log - INFO -     64    491.8 MiB      0.0 MiB       return df

2018-04-27 07:28:31,220 - memory_profile3_log - INFO - 


2018-04-27 07:28:31,221 - memory_profile3_log - INFO - getting total: 361145 training data(genuine interest) for date: 2018-04-13
2018-04-27 07:28:31,223 - memory_profile3_log - INFO - Collecting training data for date: 2018-04-14
2018-04-27 07:31:48,563 - memory_profile3_log - INFO - Filename: .\legacy_bigquery.py


2018-04-27 07:31:48,573 - memory_profile3_log - INFO - Line #    Mem usage    Increment   Line Contents

2018-04-27 07:31:48,575 - memory_profile3_log - INFO - ================================================

2018-04-27 07:31:48,575 - memory_profile3_log - INFO -     54    491.8 MiB    491.8 MiB   @profile

2018-04-27 07:31:48,576 - memory_profile3_log - INFO -     55                             def load_bigquery(client, query, job_config):

2018-04-27 07:31:48,578 - memory_profile3_log - INFO -     56                                 """

2018-04-27 07:31:48,579 - memory_profile3_log - INFO -     57                                     Bigquery to dataframe

2018-04-27 07:31:48,581 - memory_profile3_log - INFO -     58                                 """

2018-04-27 07:31:48,582 - memory_profile3_log - INFO -     59    491.8 MiB      0.0 MiB       job_config.use_legacy_sql = False

2018-04-27 07:31:48,584 - memory_profile3_log - INFO -     60    491.8 MiB      0.0 MiB       job_config.allowLargeResults = True

2018-04-27 07:31:48,584 - memory_profile3_log - INFO -     61                             

2018-04-27 07:31:48,585 - memory_profile3_log - INFO -     62    562.0 MiB     70.2 MiB       df = client.query(query, job_config=job_config).result().to_dataframe()

2018-04-27 07:31:48,585 - memory_profile3_log - INFO -     63    562.0 MiB      0.0 MiB       del client

2018-04-27 07:31:48,586 - memory_profile3_log - INFO -     64    562.0 MiB      0.0 MiB       return df

2018-04-27 07:31:48,586 - memory_profile3_log - INFO - 


2018-04-27 07:31:48,589 - memory_profile3_log - INFO - getting total: 253995 training data(genuine interest) for date: 2018-04-14
2018-04-27 07:31:48,591 - memory_profile3_log - INFO - len datalist: 3
2018-04-27 07:31:48,592 - memory_profile3_log - INFO - All data fetch iterative done!!
2018-04-27 07:31:48,687 - memory_profile3_log - INFO - Collecting training data(current date interest) using argument: 2018-04-15
2018-04-27 07:34:48,446 - memory_profile3_log - INFO - Filename: .\legacy_bigquery.py


2018-04-27 07:34:48,447 - memory_profile3_log - INFO - Line #    Mem usage    Increment   Line Contents

2018-04-27 07:34:48,447 - memory_profile3_log - INFO - ================================================

2018-04-27 07:34:48,448 - memory_profile3_log - INFO -     54    581.2 MiB    581.2 MiB   @profile

2018-04-27 07:34:48,450 - memory_profile3_log - INFO -     55                             def load_bigquery(client, query, job_config):

2018-04-27 07:34:48,450 - memory_profile3_log - INFO -     56                                 """

2018-04-27 07:34:48,451 - memory_profile3_log - INFO -     57                                     Bigquery to dataframe

2018-04-27 07:34:48,453 - memory_profile3_log - INFO -     58                                 """

2018-04-27 07:34:48,453 - memory_profile3_log - INFO -     59    581.2 MiB      0.0 MiB       job_config.use_legacy_sql = False

2018-04-27 07:34:48,454 - memory_profile3_log - INFO -     60    581.2 MiB      0.0 MiB       job_config.allowLargeResults = True

2018-04-27 07:34:48,457 - memory_profile3_log - INFO -     61                             

2018-04-27 07:34:48,459 - memory_profile3_log - INFO -     62    678.2 MiB     97.0 MiB       df = client.query(query, job_config=job_config).result().to_dataframe()

2018-04-27 07:34:48,460 - memory_profile3_log - INFO -     63    678.2 MiB      0.0 MiB       del client

2018-04-27 07:34:48,460 - memory_profile3_log - INFO -     64    678.2 MiB      0.0 MiB       return df

2018-04-27 07:34:48,461 - memory_profile3_log - INFO - 


2018-04-27 07:34:48,463 - memory_profile3_log - INFO - getting total: 230425 training data(current date interest) for date: 2018-04-15
2018-04-27 07:34:48,470 - memory_profile3_log - INFO - loading time of: 1308144 total genuine-current interest data ~ take 997.703s
2018-04-27 07:34:48,480 - memory_profile3_log - INFO - Filename: .\legacy_bigquery.py


2018-04-27 07:34:48,482 - memory_profile3_log - INFO - Line #    Mem usage    Increment   Line Contents

2018-04-27 07:34:48,483 - memory_profile3_log - INFO - ================================================

2018-04-27 07:34:48,483 - memory_profile3_log - INFO -    223     86.9 MiB     86.9 MiB   @profile

2018-04-27 07:34:48,484 - memory_profile3_log - INFO -    224                             def preprocess(loadmp, cpu, cd, query_fit, date_generated):

2018-04-27 07:34:48,487 - memory_profile3_log - INFO -    225     87.0 MiB      0.1 MiB       bq_client = bigquery.Client()

2018-04-27 07:34:48,487 - memory_profile3_log - INFO -    226     87.0 MiB      0.0 MiB       job_config = bigquery.QueryJobConfig()

2018-04-27 07:34:48,490 - memory_profile3_log - INFO -    227                             

2018-04-27 07:34:48,490 - memory_profile3_log - INFO -    228                                 # ~~~ Begin collecting data ~~~

2018-04-27 07:34:48,490 - memory_profile3_log - INFO -    229     87.0 MiB      0.0 MiB       t0 = time.time()

2018-04-27 07:34:48,492 - memory_profile3_log - INFO -    230     87.0 MiB      0.0 MiB       datalist = []

2018-04-27 07:34:48,492 - memory_profile3_log - INFO -    231                             

2018-04-27 07:34:48,493 - memory_profile3_log - INFO -    232    491.8 MiB      0.0 MiB       def _getBig(procdate):

2018-04-27 07:34:48,493 - memory_profile3_log - INFO -    233    491.8 MiB      0.0 MiB           logger.info("Collecting training data for date: %s", procdate)

2018-04-27 07:34:48,493 - memory_profile3_log - INFO -    234                                     # ~ get genuine news interest ~

2018-04-27 07:34:48,494 - memory_profile3_log - INFO -    235    491.8 MiB      0.0 MiB           query_fit_where = "WHERE _PARTITIONTIME = TIMESTAMP(@start_date)"

2018-04-27 07:34:48,494 - memory_profile3_log - INFO -    236                             

2018-04-27 07:34:48,497 - memory_profile3_log - INFO -    237                                     # safe handling of query parameter

2018-04-27 07:34:48,500 - memory_profile3_log - INFO -    238                                     query_params = [

2018-04-27 07:34:48,500 - memory_profile3_log - INFO -    239    491.8 MiB      0.0 MiB               bigquery.ScalarQueryParameter('start_date', 'STRING', procdate)

2018-04-27 07:34:48,502 - memory_profile3_log - INFO -    240                                     ]

2018-04-27 07:34:48,502 - memory_profile3_log - INFO -    241                             

2018-04-27 07:34:48,503 - memory_profile3_log - INFO -    242    491.8 MiB      0.0 MiB           job_config.query_parameters = query_params

2018-04-27 07:34:48,503 - memory_profile3_log - INFO -    243    562.0 MiB    475.0 MiB           temp_df = load_bigquery(bq_client, query_fit + query_fit_where, job_config)

2018-04-27 07:34:48,503 - memory_profile3_log - INFO -    244                             

2018-04-27 07:34:48,503 - memory_profile3_log - INFO -    245    562.0 MiB      0.0 MiB           if temp_df.empty:

2018-04-27 07:34:48,505 - memory_profile3_log - INFO -    246                                         logger.info("%s data is empty!", procdate)

2018-04-27 07:34:48,505 - memory_profile3_log - INFO -    247                                         return None

2018-04-27 07:34:48,505 - memory_profile3_log - INFO -    248                                     else:

2018-04-27 07:34:48,506 - memory_profile3_log - INFO -    249    562.0 MiB      0.0 MiB               logger.info("getting total: %d training data(genuine interest) for date: %s" % (len(temp_df), procdate))

2018-04-27 07:34:48,506 - memory_profile3_log - INFO -    250    562.0 MiB      0.0 MiB               if loadmp:

2018-04-27 07:34:48,506 - memory_profile3_log - INFO -    251                                             logger.info("Exiting: %s", mp.current_process().name)

2018-04-27 07:34:48,509 - memory_profile3_log - INFO -    252    562.0 MiB      0.0 MiB               return temp_df

2018-04-27 07:34:48,510 - memory_profile3_log - INFO -    253                             

2018-04-27 07:34:48,513 - memory_profile3_log - INFO -    254     87.0 MiB      0.0 MiB       if loadmp:

2018-04-27 07:34:48,513 - memory_profile3_log - INFO -    255                                     logger.info("Starting data fetch multiprocess..")

2018-04-27 07:34:48,513 - memory_profile3_log - INFO -    256                                     logger.info("number of process: %d", len(date_generated))

2018-04-27 07:34:48,513 - memory_profile3_log - INFO -    257                             

2018-04-27 07:34:48,515 - memory_profile3_log - INFO -    258                                     pool = mp.Pool(processes=cpu)

2018-04-27 07:34:48,515 - memory_profile3_log - INFO -    259                                     # multprocessA = [pool.apply(_getBig, args=(ndate.strftime("%Y-%m-%d"), )) for ndate in date_generated]

2018-04-27 07:34:48,515 - memory_profile3_log - INFO -    260                                     multprocessA = [pool.apply_async(_getBig, args=(ndate.strftime("%Y-%m-%d"), )) for ndate in date_generated]

2018-04-27 07:34:48,516 - memory_profile3_log - INFO -    261                                     output_multprocessA = [p.get() for p in multprocessA]

2018-04-27 07:34:48,516 - memory_profile3_log - INFO -    262                             

2018-04-27 07:34:48,516 - memory_profile3_log - INFO -    263                                     for m in output_multprocessA:

2018-04-27 07:34:48,516 - memory_profile3_log - INFO -    264                                         if m is not None:

2018-04-27 07:34:48,517 - memory_profile3_log - INFO -    265                                             if not m.empty:

2018-04-27 07:34:48,517 - memory_profile3_log - INFO -    266                                                 datalist.append(m)

2018-04-27 07:34:48,517 - memory_profile3_log - INFO -    267                             

2018-04-27 07:34:48,522 - memory_profile3_log - INFO -    268                                     logger.info("len datalist: %d", len(datalist))

2018-04-27 07:34:48,522 - memory_profile3_log - INFO -    269                                     logger.info("All data fetch multiprocess done!!")

2018-04-27 07:34:48,523 - memory_profile3_log - INFO -    270                                 else:

2018-04-27 07:34:48,523 - memory_profile3_log - INFO -    271     87.0 MiB      0.0 MiB           logger.info("Starting data fetch iterative...")

2018-04-27 07:34:48,523 - memory_profile3_log - INFO -    272    562.0 MiB      0.0 MiB           for ndate in date_generated:

2018-04-27 07:34:48,523 - memory_profile3_log - INFO -    273    562.0 MiB      0.0 MiB               tframe = _getBig(ndate.strftime("%Y-%m-%d"))

2018-04-27 07:34:48,525 - memory_profile3_log - INFO -    274    562.0 MiB      0.0 MiB               if tframe is not None:

2018-04-27 07:34:48,526 - memory_profile3_log - INFO -    275    562.0 MiB      0.0 MiB                   if not tframe.empty:

2018-04-27 07:34:48,526 - memory_profile3_log - INFO -    276    562.0 MiB      0.0 MiB                       datalist.append(tframe)

2018-04-27 07:34:48,526 - memory_profile3_log - INFO -    277                                         else: 

2018-04-27 07:34:48,526 - memory_profile3_log - INFO -    278                                             logger.info("tframe for date: %s is empty", ndate.strftime("%Y-%m-%d"))

2018-04-27 07:34:48,528 - memory_profile3_log - INFO -    279    562.0 MiB      0.0 MiB           logger.info("len datalist: %d", len(datalist))

2018-04-27 07:34:48,528 - memory_profile3_log - INFO -    280    562.0 MiB      0.0 MiB           logger.info("All data fetch iterative done!!")

2018-04-27 07:34:48,528 - memory_profile3_log - INFO -    281                             

2018-04-27 07:34:48,529 - memory_profile3_log - INFO -    282    562.0 MiB      0.0 MiB       if len(datalist) > 1:

2018-04-27 07:34:48,529 - memory_profile3_log - INFO -    283    612.5 MiB     50.5 MiB           big_frame = pd.concat(datalist)

2018-04-27 07:34:48,532 - memory_profile3_log - INFO -    284    581.1 MiB    -31.4 MiB           del datalist

2018-04-27 07:34:48,535 - memory_profile3_log - INFO -    285                                 else:

2018-04-27 07:34:48,536 - memory_profile3_log - INFO -    286                                     big_frame = datalist

2018-04-27 07:34:48,536 - memory_profile3_log - INFO -    287    581.2 MiB      0.1 MiB       big_frame['date'] = pd.to_datetime(big_frame['date'], format='%Y-%m-%d', errors='coerce')

2018-04-27 07:34:48,536 - memory_profile3_log - INFO -    288                             

2018-04-27 07:34:48,538 - memory_profile3_log - INFO -    289                                 # ~ get current news interest ~

2018-04-27 07:34:48,538 - memory_profile3_log - INFO -    290    581.2 MiB      0.0 MiB       if not cd:

2018-04-27 07:34:48,539 - memory_profile3_log - INFO -    291                                     logger.info("Collecting training data(current date interest)..")

2018-04-27 07:34:48,539 - memory_profile3_log - INFO -    292                                     current_frame = load_bigquery(bq_client, query_transform, job_config)

2018-04-27 07:34:48,539 - memory_profile3_log - INFO -    293                                     logger.info("getting total: %d training data(current date interest)" % (len(current_frame)))

2018-04-27 07:34:48,539 - memory_profile3_log - INFO -    294                                 else:

2018-04-27 07:34:48,540 - memory_profile3_log - INFO -    295    581.2 MiB      0.0 MiB           logger.info("Collecting training data(current date interest) using argument: %s", cd)

2018-04-27 07:34:48,543 - memory_profile3_log - INFO -    296    581.2 MiB      0.0 MiB           query_fit_where = "WHERE _PARTITIONTIME = TIMESTAMP(@start_date)"

2018-04-27 07:34:48,543 - memory_profile3_log - INFO -    297                             

2018-04-27 07:34:48,545 - memory_profile3_log - INFO -    298                                     # safe handling of query parameter

2018-04-27 07:34:48,545 - memory_profile3_log - INFO -    299                                     query_params = [

2018-04-27 07:34:48,546 - memory_profile3_log - INFO -    300    581.2 MiB      0.0 MiB               bigquery.ScalarQueryParameter('start_date', 'STRING', str_datecurrent)

2018-04-27 07:34:48,546 - memory_profile3_log - INFO -    301                                     ]

2018-04-27 07:34:48,548 - memory_profile3_log - INFO -    302                             

2018-04-27 07:34:48,548 - memory_profile3_log - INFO -    303    581.2 MiB      0.0 MiB           job_config.query_parameters = query_params

2018-04-27 07:34:48,548 - memory_profile3_log - INFO -    304    678.2 MiB     97.0 MiB           current_frame = load_bigquery(bq_client, query_fit + query_fit_where, job_config)

2018-04-27 07:34:48,549 - memory_profile3_log - INFO -    305    678.2 MiB      0.0 MiB           logger.info("getting total: %d training data(current date interest) for date: %s" % (len(current_frame), str_datecurrent))

2018-04-27 07:34:48,549 - memory_profile3_log - INFO -    306                             

2018-04-27 07:34:48,549 - memory_profile3_log - INFO -    307    678.3 MiB      0.1 MiB       current_frame['date'] = date_current  # we need manually adding date, because table not support

2018-04-27 07:34:48,549 - memory_profile3_log - INFO -    308    678.3 MiB      0.0 MiB       current_frame['date'] = pd.to_datetime(current_frame['date'],

2018-04-27 07:34:48,551 - memory_profile3_log - INFO -    309    678.3 MiB      0.0 MiB                                              format='%Y-%m-%d', errors='coerce')

2018-04-27 07:34:48,551 - memory_profile3_log - INFO -    310                             

2018-04-27 07:34:48,552 - memory_profile3_log - INFO -    311    678.3 MiB      0.0 MiB       train_time = time.time() - t0

2018-04-27 07:34:48,552 - memory_profile3_log - INFO -    312    678.3 MiB      0.0 MiB       logger.info("loading time of: %d total genuine-current interest data ~ take %0.3fs" % (len(current_frame) + len(big_frame), train_time))

2018-04-27 07:34:48,555 - memory_profile3_log - INFO -    313                             

2018-04-27 07:34:48,556 - memory_profile3_log - INFO -    314                                 # del bigquery

2018-04-27 07:34:48,556 - memory_profile3_log - INFO -    315    678.3 MiB      0.0 MiB       return big_frame, current_frame

2018-04-27 07:34:48,556 - memory_profile3_log - INFO - 


2018-04-27 07:34:48,561 - memory_profile3_log - INFO - ~~~~~~~~~~~~~~~~~~ Begin Main Process ~~~~~~~~~~~~~~~~~~~~~
2018-04-27 07:34:48,627 - memory_profile3_log - INFO - train on: 1077719 total history data(D(u, t))
2018-04-27 07:34:48,628 - memory_profile3_log - INFO - transform on: 230425 total current data(D(t))
2018-04-27 07:34:52,904 - memory_profile3_log - INFO - Len of model_fit: 1077719
2018-04-27 07:34:52,905 - memory_profile3_log - INFO - Len of df_dut: 1077719
2018-04-27 07:36:21,191 - memory_profile3_log - INFO - Filtering topic by top: 15 for each(General-Specific) !!
2018-04-27 07:36:21,293 - memory_profile3_log - INFO - Total train time: 92.667s
2018-04-27 07:36:21,296 - memory_profile3_log - INFO - memory left before cleaning: 62.000 percent memory...
2018-04-27 07:36:21,296 - memory_profile3_log - INFO - cleaning up some objects...
2018-04-27 07:36:21,298 - memory_profile3_log - INFO - deleting df_dut...
2018-04-27 07:36:21,299 - memory_profile3_log - INFO - deleting df_dt...
2018-04-27 07:36:21,299 - memory_profile3_log - INFO - deleting df_input...
2018-04-27 07:36:21,309 - memory_profile3_log - INFO - deleting df_input_X...
2018-04-27 07:36:21,311 - memory_profile3_log - INFO - deleting df_current...
2018-04-27 07:36:21,312 - memory_profile3_log - INFO - deleting map_topic_isgeneral...
2018-04-27 07:36:21,375 - memory_profile3_log - INFO - deleting model_fit...
2018-04-27 07:36:21,375 - memory_profile3_log - INFO - deleting result...
2018-04-27 07:36:21,398 - memory_profile3_log - INFO - Filename: .\legacy_bigquery.py


2018-04-27 07:36:21,398 - memory_profile3_log - INFO - Line #    Mem usage    Increment   Line Contents

2018-04-27 07:36:21,400 - memory_profile3_log - INFO - ================================================

2018-04-27 07:36:21,401 - memory_profile3_log - INFO -     77    668.6 MiB    668.6 MiB   @profile

2018-04-27 07:36:21,401 - memory_profile3_log - INFO -     78                             def main(df_input, df_current, current_date, G,

2018-04-27 07:36:21,401 - memory_profile3_log - INFO -     79                                      project_id, savetrain=False, multproc=True,

2018-04-27 07:36:21,401 - memory_profile3_log - INFO -     80                                      threshold=0, start_date=None, end_date=None,

2018-04-27 07:36:21,403 - memory_profile3_log - INFO -     81                                      saveto="datastore"):

2018-04-27 07:36:21,403 - memory_profile3_log - INFO -     82                                 """

2018-04-27 07:36:21,404 - memory_profile3_log - INFO -     83                                     Main cron method

2018-04-27 07:36:21,404 - memory_profile3_log - INFO -     84                                 """

2018-04-27 07:36:21,404 - memory_profile3_log - INFO -     85                                 # ~ Data Preprocessing ~

2018-04-27 07:36:21,405 - memory_profile3_log - INFO -     86                                 # split data train, untuk menggambarkan data berasal dari 2 table

2018-04-27 07:36:21,405 - memory_profile3_log - INFO -     87                                 # D(u, t)

2018-04-27 07:36:21,405 - memory_profile3_log - INFO -     88    668.6 MiB      0.0 MiB       logger.info("~~~~~~~~~~~~~~~~~~ Begin Main Process ~~~~~~~~~~~~~~~~~~~~~")

2018-04-27 07:36:21,407 - memory_profile3_log - INFO -     89    702.5 MiB     33.9 MiB       df_dut = df_input.copy(deep=True)

2018-04-27 07:36:21,407 - memory_profile3_log - INFO -     90    702.5 MiB      0.0 MiB       df_dut['date'] = pd.to_datetime(df_dut['date'], format='%Y-%m-%d', errors='coerce')

2018-04-27 07:36:21,411 - memory_profile3_log - INFO -     91                             

2018-04-27 07:36:21,413 - memory_profile3_log - INFO -     92                                 # D(t)

2018-04-27 07:36:21,413 - memory_profile3_log - INFO -     93    709.5 MiB      7.0 MiB       df_dt = df_current.copy(deep=True)

2018-04-27 07:36:21,414 - memory_profile3_log - INFO -     94    709.5 MiB      0.0 MiB       df_dt['date'] = pd.to_datetime(df_dt['date'], format='%Y-%m-%d', errors='coerce')

2018-04-27 07:36:21,414 - memory_profile3_log - INFO -     95                             

2018-04-27 07:36:21,415 - memory_profile3_log - INFO -     96                                 # ~~~~~~ Begin train ~~~~~~

2018-04-27 07:36:21,415 - memory_profile3_log - INFO -     97    709.5 MiB      0.0 MiB       t0 = time.time()

2018-04-27 07:36:21,415 - memory_profile3_log - INFO -     98    709.5 MiB      0.0 MiB       logger.info("train on: %d total history data(D(u, t))", len(df_dut))

2018-04-27 07:36:21,417 - memory_profile3_log - INFO -     99    709.5 MiB      0.0 MiB       logger.info("transform on: %d total current data(D(t))", len(df_dt))

2018-04-27 07:36:21,417 - memory_profile3_log - INFO -    100                             

2018-04-27 07:36:21,417 - memory_profile3_log - INFO -    101                                 # instantiace class

2018-04-27 07:36:21,417 - memory_profile3_log - INFO -    102    709.5 MiB      0.0 MiB       BR = GBayesTopicRecommender(current_date, G=G)

2018-04-27 07:36:21,417 - memory_profile3_log - INFO -    103                             

2018-04-27 07:36:21,418 - memory_profile3_log - INFO -    104                                 # ~~ Fit ~~

2018-04-27 07:36:21,418 - memory_profile3_log - INFO -    105                                 #   handling genuine news interest < current date

2018-04-27 07:36:21,421 - memory_profile3_log - INFO -    106    713.2 MiB      3.7 MiB       NB = BR.processX(df_dut)

2018-04-27 07:36:21,423 - memory_profile3_log - INFO -    107                                 # mulai dari sini sampai df_input_x setiap fit dan transform

2018-04-27 07:36:21,424 - memory_profile3_log - INFO -    108                                 #   nanti dipindah ke class train utama

2018-04-27 07:36:21,424 - memory_profile3_log - INFO -    109    755.6 MiB     42.4 MiB       result = pd.merge(df_dut, NB, on=['date', 'topic_id'])

2018-04-27 07:36:21,424 - memory_profile3_log - INFO -    110                                 """

2018-04-27 07:36:21,426 - memory_profile3_log - INFO -    111                                     num_y = total global click for category=ci on periode t

2018-04-27 07:36:21,426 - memory_profile3_log - INFO -    112                                     num_x = total click from user_U for category=ci on periode t

2018-04-27 07:36:21,427 - memory_profile3_log - INFO -    113                                 """

2018-04-27 07:36:21,427 - memory_profile3_log - INFO -    114    755.6 MiB      0.0 MiB       fitby_sigmant = True

2018-04-27 07:36:21,427 - memory_profile3_log - INFO -    115    755.6 MiB      0.0 MiB       df_input_X = result[['date', 'user_id',

2018-04-27 07:36:21,428 - memory_profile3_log - INFO -    116    755.6 MiB      0.0 MiB                            'topic_id', 'num_x', 'num_y',

2018-04-27 07:36:21,428 - memory_profile3_log - INFO -    117    797.8 MiB     42.1 MiB                            'is_general']]

2018-04-27 07:36:21,430 - memory_profile3_log - INFO -    118    797.8 MiB      0.0 MiB       model_fit = BR.fit(df_dut, df_input_X,

2018-04-27 07:36:21,430 - memory_profile3_log - INFO -    119    797.8 MiB      0.0 MiB                          full_bayes=False, use_sigmant=fitby_sigmant,

2018-04-27 07:36:21,437 - memory_profile3_log - INFO -    120    895.1 MiB     97.3 MiB                          verbose=False)

2018-04-27 07:36:21,437 - memory_profile3_log - INFO -    121    895.1 MiB      0.0 MiB       logger.info("Len of model_fit: %d", len(model_fit))

2018-04-27 07:36:21,437 - memory_profile3_log - INFO -    122    895.1 MiB      0.0 MiB       logger.info("Len of df_dut: %d", len(df_dut))

2018-04-27 07:36:21,438 - memory_profile3_log - INFO -    123                             

2018-04-27 07:36:21,440 - memory_profile3_log - INFO -    124                                 # ~~ and Transform ~~

2018-04-27 07:36:21,440 - memory_profile3_log - INFO -    125                                 #   handling current news interest == current date

2018-04-27 07:36:21,440 - memory_profile3_log - INFO -    126    895.1 MiB      0.0 MiB       if df_dt.empty:

2018-04-27 07:36:21,441 - memory_profile3_log - INFO -    127                                     print "Cek your df_dt, cannot be emtpy!!"

2018-04-27 07:36:21,444 - memory_profile3_log - INFO -    128                                     return None

2018-04-27 07:36:21,444 - memory_profile3_log - INFO -    129    895.1 MiB      0.0 MiB       NB = BR.processX(df_dt)

2018-04-27 07:36:21,446 - memory_profile3_log - INFO -    130    905.7 MiB     10.6 MiB       result = pd.merge(df_dt, NB, on=['date', 'topic_id'])

2018-04-27 07:36:21,446 - memory_profile3_log - INFO -    131                             

2018-04-27 07:36:21,447 - memory_profile3_log - INFO -    132    905.7 MiB      0.0 MiB       df_input_X = result[['date', 'user_id', 'topic_id',

2018-04-27 07:36:21,447 - memory_profile3_log - INFO -    133    872.4 MiB    -33.3 MiB                            'num_x', 'num_y', 'is_general']]

2018-04-27 07:36:21,447 - memory_profile3_log - INFO -    134    872.4 MiB      0.0 MiB       model_transform = BR.transform(df1=df_dt, df2=df_input_X,

2018-04-27 07:36:21,448 - memory_profile3_log - INFO -    135    872.4 MiB      0.0 MiB                                      fitted_model=model_fit,

2018-04-27 07:36:21,448 - memory_profile3_log - INFO -    136    890.9 MiB     18.5 MiB                                      verbose=False)

2018-04-27 07:36:21,450 - memory_profile3_log - INFO -    137                                 # ~~~ filter is general and specific topic ~~~

2018-04-27 07:36:21,450 - memory_profile3_log - INFO -    138                                 # the idea is just we need to rerank every topic according

2018-04-27 07:36:21,450 - memory_profile3_log - INFO -    139                                 # user_id and and is_general by p0_posterior

2018-04-27 07:36:21,450 - memory_profile3_log - INFO -    140    890.9 MiB      0.0 MiB       map_topic_isgeneral = df_dut[['topic_id',

2018-04-27 07:36:21,451 - memory_profile3_log - INFO -    141    900.1 MiB      9.3 MiB                                     'is_general']].groupby(['topic_id',

2018-04-27 07:36:21,451 - memory_profile3_log - INFO -    142    890.9 MiB     -9.2 MiB                                                             'is_general']

2018-04-27 07:36:21,454 - memory_profile3_log - INFO -    143                                                                                      ).size().to_frame().reset_index()

2018-04-27 07:36:21,456 - memory_profile3_log - INFO -    144                             

2018-04-27 07:36:21,457 - memory_profile3_log - INFO -    145                                 # map_topic_isgeneral = map_topic_isgeneral.loc[~map_topic_isgeneral.index.duplicated(keep='first')]

2018-04-27 07:36:21,457 - memory_profile3_log - INFO -    146                                 # model_transform = model_transform.loc[~model_transform.index.duplicated(keep='first')]

2018-04-27 07:36:21,457 - memory_profile3_log - INFO -    147    890.9 MiB      0.0 MiB       model_transform['is_general'] = model_transform['topic_id'].map(map_topic_isgeneral.drop_duplicates('topic_id').set_index('topic_id')['is_general'])

2018-04-27 07:36:21,457 - memory_profile3_log - INFO -    148                             

2018-04-27 07:36:21,459 - memory_profile3_log - INFO -    149                                 # ~ start by provide rank for each topic type ~

2018-04-27 07:36:21,459 - memory_profile3_log - INFO -    150    959.5 MiB     68.6 MiB       model_transform['rank'] = model_transform.groupby(['user_id', 'is_general'])['p0_posterior'].rank(ascending=False)

2018-04-27 07:36:21,459 - memory_profile3_log - INFO -    151    966.7 MiB      7.1 MiB       model_transform = model_transform.sort_values(['is_general', 'rank'], ascending=[False, True])

2018-04-27 07:36:21,460 - memory_profile3_log - INFO -    152                             

2018-04-27 07:36:21,460 - memory_profile3_log - INFO -    153                                 # ~ set threshold to filter output

2018-04-27 07:36:21,460 - memory_profile3_log - INFO -    154    966.7 MiB      0.0 MiB       if threshold > 0:

2018-04-27 07:36:21,460 - memory_profile3_log - INFO -    155    966.7 MiB      0.0 MiB           logger.info("Filtering topic by top: %d for each(General-Specific) !!", threshold)

2018-04-27 07:36:21,460 - memory_profile3_log - INFO -    156    967.6 MiB      0.9 MiB           model_transform = model_transform[(model_transform['rank'] <= threshold) &

2018-04-27 07:36:21,461 - memory_profile3_log - INFO -    157    956.4 MiB    -11.2 MiB                                             (model_transform['p0_posterior'] > 0.)]

2018-04-27 07:36:21,461 - memory_profile3_log - INFO -    158                             

2018-04-27 07:36:21,461 - memory_profile3_log - INFO -    159                                 # print "\n", model_transform[['user_id', 'topic_id', 'p0_posterior',

2018-04-27 07:36:21,463 - memory_profile3_log - INFO -    160                                 #                             'is_general', 'rank']].loc[model_transform['user_id'].str.contains('1610c8e6b6466b-05a6ac1ba8c1b8-4323461-100200-1',

2018-04-27 07:36:21,463 - memory_profile3_log - INFO -    161                                 #                                                                                                 case=False)].head(45)

2018-04-27 07:36:21,467 - memory_profile3_log - INFO -    162                                 # print "len(model_transform): %d" % len(model_transform)

2018-04-27 07:36:21,467 - memory_profile3_log - INFO -    163                             

2018-04-27 07:36:21,469 - memory_profile3_log - INFO -    164    956.4 MiB      0.0 MiB       train_time = time.time() - t0

2018-04-27 07:36:21,469 - memory_profile3_log - INFO -    165    956.4 MiB      0.0 MiB       logger.info("Total train time: %0.3fs", train_time)

2018-04-27 07:36:21,470 - memory_profile3_log - INFO -    166                             

2018-04-27 07:36:21,470 - memory_profile3_log - INFO -    167    956.4 MiB      0.0 MiB       logger.info("memory left before cleaning: %.3f percent memory...", psutil.virtual_memory().percent)

2018-04-27 07:36:21,470 - memory_profile3_log - INFO -    168                             

2018-04-27 07:36:21,470 - memory_profile3_log - INFO -    169    956.4 MiB      0.0 MiB       logger.info("cleaning up some objects...")

2018-04-27 07:36:21,471 - memory_profile3_log - INFO -    170    956.4 MiB      0.0 MiB       del df_dut

2018-04-27 07:36:21,471 - memory_profile3_log - INFO -    171    956.4 MiB      0.0 MiB       logger.info("deleting df_dut...")

2018-04-27 07:36:21,473 - memory_profile3_log - INFO -    172    956.4 MiB      0.0 MiB       del df_dt

2018-04-27 07:36:21,473 - memory_profile3_log - INFO -    173    956.4 MiB      0.0 MiB       logger.info("deleting df_dt...")

2018-04-27 07:36:21,473 - memory_profile3_log - INFO -    174    956.4 MiB      0.0 MiB       del df_input

2018-04-27 07:36:21,473 - memory_profile3_log - INFO -    175    956.4 MiB      0.0 MiB       logger.info("deleting df_input...")

2018-04-27 07:36:21,473 - memory_profile3_log - INFO -    176    947.6 MiB     -8.8 MiB       del df_input_X

2018-04-27 07:36:21,474 - memory_profile3_log - INFO -    177    947.6 MiB      0.0 MiB       logger.info("deleting df_input_X...")

2018-04-27 07:36:21,474 - memory_profile3_log - INFO -    178    947.6 MiB      0.0 MiB       del df_current

2018-04-27 07:36:21,474 - memory_profile3_log - INFO -    179    947.6 MiB      0.0 MiB       logger.info("deleting df_current...")

2018-04-27 07:36:21,479 - memory_profile3_log - INFO -    180    947.6 MiB      0.0 MiB       del map_topic_isgeneral

2018-04-27 07:36:21,480 - memory_profile3_log - INFO -    181    947.6 MiB      0.0 MiB       logger.info("deleting map_topic_isgeneral...")

2018-04-27 07:36:21,480 - memory_profile3_log - INFO -    182    847.9 MiB    -99.7 MiB       del model_fit

2018-04-27 07:36:21,482 - memory_profile3_log - INFO -    183    847.9 MiB      0.0 MiB       logger.info("deleting model_fit...")

2018-04-27 07:36:21,482 - memory_profile3_log - INFO -    184    847.9 MiB      0.0 MiB       del result

2018-04-27 07:36:21,483 - memory_profile3_log - INFO -    185    847.9 MiB      0.0 MiB       logger.info("deleting result...")

2018-04-27 07:36:21,483 - memory_profile3_log - INFO -    186                                 # ~~~~~~~~~~~~~~~~~~~~~~~~~~~~~~~~~~~~~~~~~~~~~~~~~~~~~~~~~~~~~~~~~~~~~~~~~~~~~~~~~~

2018-04-27 07:36:21,483 - memory_profile3_log - INFO -    187                                 # ~~~~~~~~~~~~~~~~~~~~~~~~~~~~~~ Save model Here ~~~~~~~~~~~~~~~~~~~~~~~~~~~~~~~~~~~

2018-04-27 07:36:21,483 - memory_profile3_log - INFO -    188    847.9 MiB      0.0 MiB       if savetrain:

2018-04-27 07:36:21,483 - memory_profile3_log - INFO -    189                                     model_transformsv = model_transform[['user_id', 'topic_id', 'is_general', 'rank']].copy(deep=True)

2018-04-27 07:36:21,484 - memory_profile3_log - INFO -    190                                     del model_transform

2018-04-27 07:36:21,484 - memory_profile3_log - INFO -    191                                     logger.info("deleting model_transform...")

2018-04-27 07:36:21,484 - memory_profile3_log - INFO -    192                                     logger.info("memory left after cleaning: %.3f percent memory...", psutil.virtual_memory().percent)

2018-04-27 07:36:21,486 - memory_profile3_log - INFO -    193                             

2018-04-27 07:36:21,486 - memory_profile3_log - INFO -    194                                     logger.info("Begin saving trained data...")

2018-04-27 07:36:21,486 - memory_profile3_log - INFO -    195                                     # print "\n", model_transform.head(5)

2018-04-27 07:36:21,490 - memory_profile3_log - INFO -    196                                     # ~ Place your code to save the training model here ~

2018-04-27 07:36:21,490 - memory_profile3_log - INFO -    197                                     if str(saveto).lower() == "datastore":

2018-04-27 07:36:21,492 - memory_profile3_log - INFO -    198                                         logger.info("Using google datastore as storage...")

2018-04-27 07:36:21,492 - memory_profile3_log - INFO -    199                                         if multproc:

2018-04-27 07:36:21,493 - memory_profile3_log - INFO -    200                                             mh.saveDatastoreMP(model_transformsv)

2018-04-27 07:36:21,493 - memory_profile3_log - INFO -    201                                             # mh.saveDataStorePutMulti(model_transform[['user_id', 'topic_id', 'is_general', 'rank']])

2018-04-27 07:36:21,493 - memory_profile3_log - INFO -    202                                         else:

2018-04-27 07:36:21,493 - memory_profile3_log - INFO -    203                                             mh.saveDatastore(model_transformsv)

2018-04-27 07:36:21,494 - memory_profile3_log - INFO -    204                                             

2018-04-27 07:36:21,494 - memory_profile3_log - INFO -    205                                     elif str(saveto).lower() == "elastic":

2018-04-27 07:36:21,496 - memory_profile3_log - INFO -    206                                         logger.info("Using ElasticSearch as storage...")

2018-04-27 07:36:21,496 - memory_profile3_log - INFO -    207                                         mh.saveElasticS(model_transformsv)

2018-04-27 07:36:21,496 - memory_profile3_log - INFO -    208                             

2018-04-27 07:36:21,496 - memory_profile3_log - INFO -    209                                     # need save sigma_nt for daily train

2018-04-27 07:36:21,496 - memory_profile3_log - INFO -    210                                     # secara defaul perhitungan fit menggunakan sigma_Nt

2018-04-27 07:36:21,497 - memory_profile3_log - INFO -    211                                     #   jadi prosedur ini hanya berlaku jika fitby_sigmant = False

2018-04-27 07:36:21,497 - memory_profile3_log - INFO -    212                                     if start_date and end_date:

2018-04-27 07:36:21,502 - memory_profile3_log - INFO -    213                                         if not fitby_sigmant:

2018-04-27 07:36:21,503 - memory_profile3_log - INFO -    214                                             logging.info("Saving sigma Nt...")

2018-04-27 07:36:21,503 - memory_profile3_log - INFO -    215                                             save_sigma_nt = BR.sum_all_nt.copy(deep=True)

2018-04-27 07:36:21,505 - memory_profile3_log - INFO -    216                                             save_sigma_nt['start_date'] = start_date

2018-04-27 07:36:21,505 - memory_profile3_log - INFO -    217                                             save_sigma_nt['end_date'] = end_date

2018-04-27 07:36:21,505 - memory_profile3_log - INFO -    218                                             print save_sigma_nt.head(5)

2018-04-27 07:36:21,506 - memory_profile3_log - INFO -    219                                             print "len(save_sigma_nt): %d" % len(save_sigma_nt)

2018-04-27 07:36:21,506 - memory_profile3_log - INFO -    220                                             # mh.saveDatastoreMP(save_sigma_nt)

2018-04-27 07:36:21,506 - memory_profile3_log - INFO -    221    847.9 MiB      0.0 MiB       return

2018-04-27 07:36:21,506 - memory_profile3_log - INFO - 


2018-04-27 07:36:21,507 - memory_profile3_log - INFO - ~~~~~~~~~~~~~~ All Legacy Train operation is complete ~~~~~~~~~~~~~~~~~
